\BOOKMARK [0][-]{chapter.1}{\376\377\000H\000i\000e\000r\000a\000r\000c\000h\000i\000c\000a\000l\000\040\000I\000n\000d\000e\000x}{}% 1
\BOOKMARK [1][-]{section.1.1}{\376\377\000C\000l\000a\000s\000s\000\040\000H\000i\000e\000r\000a\000r\000c\000h\000y}{chapter.1}% 2
\BOOKMARK [0][-]{chapter.2}{\376\377\000C\000l\000a\000s\000s\000\040\000I\000n\000d\000e\000x}{}% 3
\BOOKMARK [1][-]{section.2.1}{\376\377\000C\000l\000a\000s\000s\000\040\000L\000i\000s\000t}{chapter.2}% 4
\BOOKMARK [0][-]{chapter.3}{\376\377\000C\000l\000a\000s\000s\000\040\000D\000o\000c\000u\000m\000e\000n\000t\000a\000t\000i\000o\000n}{}% 5
\BOOKMARK [1][-]{section.3.1}{\376\377\000E\000l\000e\000m\000e\000n\000t\000\040\000C\000l\000a\000s\000s\000\040\000R\000e\000f\000e\000r\000e\000n\000c\000e}{chapter.3}% 6
\BOOKMARK [1][-]{section.3.2}{\376\377\000L\000i\000s\000t\000\040\000C\000l\000a\000s\000s\000\040\000R\000e\000f\000e\000r\000e\000n\000c\000e}{chapter.3}% 7
\BOOKMARK [1][-]{section.3.3}{\376\377\000l\000o\000c\000a\000l\000d\000b\000\040\000C\000l\000a\000s\000s\000\040\000R\000e\000f\000e\000r\000e\000n\000c\000e}{chapter.3}% 8
\BOOKMARK [2][-]{subsection.3.3.1}{\376\377\000D\000e\000t\000a\000i\000l\000e\000d\000\040\000D\000e\000s\000c\000r\000i\000p\000t\000i\000o\000n}{section.3.3}% 9
\BOOKMARK [2][-]{subsection.3.3.2}{\376\377\000M\000e\000m\000b\000e\000r\000\040\000F\000u\000n\000c\000t\000i\000o\000n\000\040\000D\000o\000c\000u\000m\000e\000n\000t\000a\000t\000i\000o\000n}{section.3.3}% 10
\BOOKMARK [3][-]{subsubsection.3.3.2.1}{\376\377\000A\000d\000d\000P\000e\000r\000s\000o\000n}{subsection.3.3.2}% 11
\BOOKMARK [3][-]{subsubsection.3.3.2.2}{\376\377\000A\000d\000d\000P\000r\000e\000s\000c\000r\000i\000p\000t\000i\000o\000n}{subsection.3.3.2}% 12
\BOOKMARK [3][-]{subsubsection.3.3.2.3}{\376\377\000G\000e\000t\000D\000r\000u\000g\000s}{subsection.3.3.2}% 13
\BOOKMARK [3][-]{subsubsection.3.3.2.4}{\376\377\000G\000e\000t\000P\000r\000e\000s\000c\000r\000i\000b\000e\000d}{subsection.3.3.2}% 14
\BOOKMARK [3][-]{subsubsection.3.3.2.5}{\376\377\000L\000i\000s\000t\000D\000r\000u\000g\000s}{subsection.3.3.2}% 15
\BOOKMARK [3][-]{subsubsection.3.3.2.6}{\376\377\000L\000i\000s\000t\000P\000e\000o\000p\000l\000e}{subsection.3.3.2}% 16
\BOOKMARK [3][-]{subsubsection.3.3.2.7}{\376\377\000L\000i\000s\000t\000P\000r\000e\000s\000c\000r\000i\000p\000t\000i\000o\000n\000s}{subsection.3.3.2}% 17
\BOOKMARK [3][-]{subsubsection.3.3.2.8}{\376\377\000P\000u\000r\000g\000e\000O\000l\000d}{subsection.3.3.2}% 18
\BOOKMARK [3][-]{subsubsection.3.3.2.9}{\376\377\000R\000e\000a\000d\000X\000M\000L}{subsection.3.3.2}% 19
\BOOKMARK [3][-]{subsubsection.3.3.2.10}{\376\377\000S\000e\000l\000e\000c\000t\000D\000r\000u\000g}{subsection.3.3.2}% 20
\BOOKMARK [3][-]{subsubsection.3.3.2.11}{\376\377\000W\000r\000i\000t\000e\000X\000M\000L}{subsection.3.3.2}% 21
\BOOKMARK [1][-]{section.3.4}{\376\377\000m\000e\000d\000i\000c\000i\000n\000e\000\040\000S\000t\000r\000u\000c\000t\000\040\000R\000e\000f\000e\000r\000e\000n\000c\000e}{chapter.3}% 22
\BOOKMARK [1][-]{section.3.5}{\376\377\000N\000u\000m\000\137\000e\000l\000e\000m\000e\000n\000t\000\040\000C\000l\000a\000s\000s\000\040\000R\000e\000f\000e\000r\000e\000n\000c\000e}{chapter.3}% 23
\BOOKMARK [1][-]{section.3.6}{\376\377\000p\000e\000r\000s\000o\000n\000\040\000C\000l\000a\000s\000s\000\040\000R\000e\000f\000e\000r\000e\000n\000c\000e}{chapter.3}% 24
\BOOKMARK [1][-]{section.3.7}{\376\377\000p\000r\000e\000s\000c\000r\000i\000p\000t\000i\000o\000n\000\040\000C\000l\000a\000s\000s\000\040\000R\000e\000f\000e\000r\000e\000n\000c\000e}{chapter.3}% 25
\BOOKMARK [2][-]{subsection.3.7.1}{\376\377\000M\000e\000m\000b\000e\000r\000\040\000F\000u\000n\000c\000t\000i\000o\000n\000\040\000D\000o\000c\000u\000m\000e\000n\000t\000a\000t\000i\000o\000n}{section.3.7}% 26
\BOOKMARK [3][-]{subsubsection.3.7.1.1}{\376\377\000S\000e\000t\000D\000a\000t\000e}{subsection.3.7.1}% 27
\BOOKMARK [3][-]{subsubsection.3.7.1.2}{\376\377\000S\000e\000t\000D\000a\000y}{subsection.3.7.1}% 28
\BOOKMARK [3][-]{subsubsection.3.7.1.3}{\376\377\000S\000e\000t\000H\000o\000u\000r}{subsection.3.7.1}% 29
\BOOKMARK [3][-]{subsubsection.3.7.1.4}{\376\377\000S\000e\000t\000M\000i\000n\000u\000t\000e}{subsection.3.7.1}% 30
\BOOKMARK [3][-]{subsubsection.3.7.1.5}{\376\377\000S\000e\000t\000M\000o\000n\000t\000h}{subsection.3.7.1}% 31
\BOOKMARK [3][-]{subsubsection.3.7.1.6}{\376\377\000S\000e\000t\000S\000e\000c\000o\000n\000d}{subsection.3.7.1}% 32
\BOOKMARK [3][-]{subsubsection.3.7.1.7}{\376\377\000S\000e\000t\000T\000i\000m\000e}{subsection.3.7.1}% 33
\BOOKMARK [3][-]{subsubsection.3.7.1.8}{\376\377\000S\000e\000t\000Y\000e\000a\000r}{subsection.3.7.1}% 34
\BOOKMARK [1][-]{section.3.8}{\376\377\000s\000u\000b\000s\000t\000a\000n\000c\000e\000\040\000C\000l\000a\000s\000s\000\040\000R\000e\000f\000e\000r\000e\000n\000c\000e}{chapter.3}% 35
\BOOKMARK [1][-]{section.3.9}{\376\377\000T\000e\000x\000t\000\137\000e\000l\000e\000m\000e\000n\000t\000\040\000C\000l\000a\000s\000s\000\040\000R\000e\000f\000e\000r\000e\000n\000c\000e}{chapter.3}% 36
\BOOKMARK [1][-]{section.3.10}{\376\377\000u\000s\000e\000r\000i\000o\000\040\000C\000l\000a\000s\000s\000\040\000R\000e\000f\000e\000r\000e\000n\000c\000e}{chapter.3}% 37
\BOOKMARK [2][-]{subsection.3.10.1}{\376\377\000M\000e\000m\000b\000e\000r\000\040\000F\000u\000n\000c\000t\000i\000o\000n\000\040\000D\000o\000c\000u\000m\000e\000n\000t\000a\000t\000i\000o\000n}{section.3.10}% 38
\BOOKMARK [3][-]{subsubsection.3.10.1.1}{\376\377\000G\000e\000t\000C\000h\000a\000r}{subsection.3.10.1}% 39
\BOOKMARK [3][-]{subsubsection.3.10.1.2}{\376\377\000G\000e\000t\000C\000h\000a\000r}{subsection.3.10.1}% 40
\BOOKMARK [3][-]{subsubsection.3.10.1.3}{\376\377\000G\000e\000t\000D\000a\000t\000e}{subsection.3.10.1}% 41
\BOOKMARK [3][-]{subsubsection.3.10.1.4}{\376\377\000G\000e\000t\000I\000n\000t}{subsection.3.10.1}% 42
\BOOKMARK [3][-]{subsubsection.3.10.1.5}{\376\377\000G\000e\000t\000N\000u\000m}{subsection.3.10.1}% 43
\BOOKMARK [3][-]{subsubsection.3.10.1.6}{\376\377\000G\000e\000t\000S\000t\000r}{subsection.3.10.1}% 44
\BOOKMARK [3][-]{subsubsection.3.10.1.7}{\376\377\000G\000e\000t\000S\000t\000r\000i\000n\000g}{subsection.3.10.1}% 45
\BOOKMARK [3][-]{subsubsection.3.10.1.8}{\376\377\000G\000e\000t\000S\000t\000r\000i\000n\000g}{subsection.3.10.1}% 46
\BOOKMARK [3][-]{subsubsection.3.10.1.9}{\376\377\000G\000e\000t\000T\000i\000m\000e}{subsection.3.10.1}% 47
\BOOKMARK [3][-]{subsubsection.3.10.1.10}{\376\377\000G\000e\000t\000T\000i\000m\000e\000s\000t\000a\000m\000p}{subsection.3.10.1}% 48
\BOOKMARK [3][-]{subsubsection.3.10.1.11}{\376\377\000M\000a\000k\000e\000T\000i\000m\000e\000s\000t\000a\000m\000p}{subsection.3.10.1}% 49
\BOOKMARK [-1][-]{table.3.22}{\376\377\000I\000n\000d\000e\000x}{}% 50
